2021-05-11 08:12:30 0 [Note] c:\ospanel\modules\database\MySQL-5.6\bin\mysqld.exe (mysqld 5.6.43-log) starting as process 8556 ...
2021-05-11 08:12:30 8556 [Note] Plugin 'FEDERATED' is disabled.
2021-05-11 08:12:30 8556 [Note] InnoDB: Using atomics to ref count buffer pool pages
2021-05-11 08:12:30 8556 [Note] InnoDB: The InnoDB memory heap is disabled
2021-05-11 08:12:30 8556 [Note] InnoDB: Mutexes and rw_locks use Windows interlocked functions
2021-05-11 08:12:30 8556 [Note] InnoDB: Memory barrier is not used
2021-05-11 08:12:30 8556 [Note] InnoDB: Compressed tables use zlib 1.2.11
2021-05-11 08:12:30 8556 [Note] InnoDB: Not using CPU crc32 instructions
2021-05-11 08:12:30 8556 [Note] InnoDB: Initializing buffer pool, size = 128.0M
2021-05-11 08:12:30 8556 [Note] InnoDB: Completed initialization of buffer pool
2021-05-11 08:12:31 8556 [Note] InnoDB: Highest supported file format is Barracuda.
2021-05-11 08:12:31 8556 [Note] InnoDB: 128 rollback segment(s) are active.
2021-05-11 08:12:31 8556 [Note] InnoDB: Waiting for purge to start
2021-05-11 08:12:32 8556 [Note] InnoDB: 5.6.43 started; log sequence number 6837642
2021-05-11 08:12:32 8556 [Note] Server hostname (bind-address): '127.0.0.1'; port: 3306
2021-05-11 08:12:32 8556 [Note]   - '127.0.0.1' resolves to '127.0.0.1';
2021-05-11 08:12:32 8556 [Note] Server socket created on IP: '127.0.0.1'.
2021-05-11 08:12:32 8556 [Note] Event Scheduler: Loaded 0 events
2021-05-11 08:12:32 8556 [Note] c:\ospanel\modules\database\MySQL-5.6\bin\mysqld.exe: ready for connections.
Version: '5.6.43-log'  socket: ''  port: 3306  MySQL Community Server (GPL)
2021-05-11 09:20:59 8556 [Note] c:\ospanel\modules\database\MySQL-5.6\bin\mysqld.exe: Normal shutdown

2021-05-11 09:20:59 8556 [Note] Giving 0 client threads a chance to die gracefully
2021-05-11 09:20:59 8556 [Note] Event Scheduler: Purging the queue. 0 events
2021-05-11 09:20:59 8556 [Note] Shutting down slave threads
2021-05-11 09:20:59 8556 [Note] Forcefully disconnecting 0 remaining clients
2021-05-11 09:20:59 8556 [Note] Binlog end
2021-05-11 09:20:59 8556 [Note] Shutting down plugin 'partition'
2021-05-11 09:20:59 8556 [Note] Shutting down plugin 'PERFORMANCE_SCHEMA'
2021-05-11 09:20:59 8556 [Note] Shutting down plugin 'INNODB_SYS_DATAFILES'
2021-05-11 09:20:59 8556 [Note] Shutting down plugin 'INNODB_SYS_TABLESPACES'
2021-05-11 09:20:59 8556 [Note] Shutting down plugin 'INNODB_SYS_FOREIGN_COLS'
2021-05-11 09:20:59 8556 [Note] Shutting down plugin 'INNODB_SYS_FOREIGN'
2021-05-11 09:20:59 8556 [Note] Shutting down plugin 'INNODB_SYS_FIELDS'
2021-05-11 09:20:59 8556 [Note] Shutting down plugin 'INNODB_SYS_COLUMNS'
2021-05-11 09:20:59 8556 [Note] Shutting down plugin 'INNODB_SYS_INDEXES'
2021-05-11 09:20:59 8556 [Note] Shutting down plugin 'INNODB_SYS_TABLESTATS'
2021-05-11 09:20:59 8556 [Note] Shutting down plugin 'INNODB_SYS_TABLES'
2021-05-11 09:20:59 8556 [Note] Shutting down plugin 'INNODB_FT_INDEX_TABLE'
2021-05-11 09:20:59 8556 [Note] Shutting down plugin 'INNODB_FT_INDEX_CACHE'
2021-05-11 09:20:59 8556 [Note] Shutting down plugin 'INNODB_FT_CONFIG'
2021-05-11 09:20:59 8556 [Note] Shutting down plugin 'INNODB_FT_BEING_DELETED'
2021-05-11 09:20:59 8556 [Note] Shutting down plugin 'INNODB_FT_DELETED'
2021-05-11 09:20:59 8556 [Note] Shutting down plugin 'INNODB_FT_DEFAULT_STOPWORD'
2021-05-11 09:20:59 8556 [Note] Shutting down plugin 'INNODB_METRICS'
2021-05-11 09:20:59 8556 [Note] Shutting down plugin 'INNODB_BUFFER_POOL_STATS'
2021-05-11 09:20:59 8556 [Note] Shutting down plugin 'INNODB_BUFFER_PAGE_LRU'
2021-05-11 09:20:59 8556 [Note] Shutting down plugin 'INNODB_BUFFER_PAGE'
2021-05-11 09:20:59 8556 [Note] Shutting down plugin 'INNODB_CMP_PER_INDEX_RESET'
2021-05-11 09:20:59 8556 [Note] Shutting down plugin 'INNODB_CMP_PER_INDEX'
2021-05-11 09:20:59 8556 [Note] Shutting down plugin 'INNODB_CMPMEM_RESET'
2021-05-11 09:20:59 8556 [Note] Shutting down plugin 'INNODB_CMPMEM'
2021-05-11 09:20:59 8556 [Note] Shutting down plugin 'INNODB_CMP_RESET'
2021-05-11 09:20:59 8556 [Note] Shutting down plugin 'INNODB_CMP'
2021-05-11 09:20:59 8556 [Note] Shutting down plugin 'INNODB_LOCK_WAITS'
2021-05-11 09:20:59 8556 [Note] Shutting down plugin 'INNODB_LOCKS'
2021-05-11 09:20:59 8556 [Note] Shutting down plugin 'INNODB_TRX'
2021-05-11 09:20:59 8556 [Note] Shutting down plugin 'InnoDB'
2021-05-11 09:20:59 8556 [Note] InnoDB: FTS optimize thread exiting.
2021-05-11 09:20:59 8556 [Note] InnoDB: Starting shutdown...
2021-05-11 09:21:00 8556 [Note] InnoDB: Shutdown completed; log sequence number 6837652
2021-05-11 09:21:00 8556 [Note] Shutting down plugin 'BLACKHOLE'
2021-05-11 09:21:00 8556 [Note] Shutting down plugin 'ARCHIVE'
2021-05-11 09:21:00 8556 [Note] Shutting down plugin 'MRG_MYISAM'
2021-05-11 09:21:00 8556 [Note] Shutting down plugin 'MyISAM'
2021-05-11 09:21:00 8556 [Note] Shutting down plugin 'MEMORY'
2021-05-11 09:21:00 8556 [Note] Shutting down plugin 'CSV'
2021-05-11 09:21:00 8556 [Note] Shutting down plugin 'sha256_password'
2021-05-11 09:21:00 8556 [Note] Shutting down plugin 'mysql_old_password'
2021-05-11 09:21:00 8556 [Note] Shutting down plugin 'mysql_native_password'
2021-05-11 09:21:00 8556 [Note] Shutting down plugin 'binlog'
2021-05-11 09:21:00 8556 [Note] c:\ospanel\modules\database\MySQL-5.6\bin\mysqld.exe: Shutdown complete

