c:\ospanel\modules\database\MySQL-5.7-x64\bin\mysqld.exe, Version: 5.7.25-log (MySQL Community Server (GPL)). started with:
TCP Port: 3306, Named Pipe: (null)
Time                 Id Command    Argument
2020-01-05T09:56:40.891148Z	    2 Connect	root@localhost on testredb using TCP/IP
2020-01-05T09:57:28.556031Z	    3 Connect	root@localhost on testredb using TCP/IP
2020-01-05T09:57:30.077321Z	    4 Connect	root@localhost on testredb using TCP/IP
2020-01-05T09:57:30.765442Z	    5 Connect	root@localhost on testredb using TCP/IP
2020-01-05T09:57:31.045536Z	    6 Connect	root@localhost on testredb using TCP/IP
2020-01-05T09:57:31.333509Z	    7 Connect	root@localhost on testredb using TCP/IP
2020-01-05T09:57:41.094363Z	    8 Connect	root@localhost on  using TCP/IP
2020-01-05T09:57:41.190942Z	    8 Query	SELECT @@version, @@version_comment
2020-01-05T09:57:41.217327Z	    8 Query	SET NAMES 'utf8mb4' COLLATE 'utf8mb4_general_ci'
2020-01-05T09:57:41.219536Z	    8 Query	SET lc_messages = 'ru_RU'
2020-01-05T09:57:41.270647Z	    9 Connect	root@localhost on  using TCP/IP
2020-01-05T09:57:41.308308Z	    9 Query	SHOW TABLES FROM `testredb`
2020-01-05T09:57:41.338544Z	    8 Query	SELECT CURRENT_USER()
2020-01-05T09:57:41.339488Z	    8 Query	SHOW GRANTS
2020-01-05T09:57:41.357999Z	    8 Query	SELECT `SCHEMA_NAME` FROM `INFORMATION_SCHEMA`.`SCHEMATA`
2020-01-05T09:57:41.445203Z	    9 Quit	
2020-01-05T09:57:41.446205Z	    8 Quit	
2020-01-05T09:57:41.547378Z	   10 Connect	root@localhost on  using TCP/IP
2020-01-05T09:57:41.547539Z	   10 Query	SELECT @@version, @@version_comment
2020-01-05T09:57:41.548934Z	   10 Query	SET NAMES 'utf8mb4' COLLATE 'utf8mb4_general_ci'
2020-01-05T09:57:41.549040Z	   10 Query	SET lc_messages = 'ru_RU'
2020-01-05T09:57:41.552104Z	   11 Connect	root@localhost on  using TCP/IP
2020-01-05T09:57:41.557882Z	   11 Query	SHOW TABLES FROM `testredb`
2020-01-05T09:57:41.559497Z	   10 Query	SELECT `SCHEMA_NAME` FROM `INFORMATION_SCHEMA`.`SCHEMATA`
2020-01-05T09:57:41.676477Z	   10 Query	SET collation_connection = 'utf8mb4_unicode_ci'
2020-01-05T09:57:41.997387Z	   10 Query	SELECT 1 FROM mysql.user LIMIT 1
2020-01-05T09:57:42.007525Z	   10 Query	SHOW SESSION VARIABLES LIKE 'FOREIGN_KEY_CHECKS'
2020-01-05T09:57:42.096783Z	   10 Query	SELECT DATABASE()
2020-01-05T09:57:42.128958Z	   10 Query	SELECT (COUNT(DB_first_level) DIV 100) * 100 from (  SELECT distinct SUBSTRING_INDEX(SCHEMA_NAME,  '_', 1)  DB_first_level  FROM INFORMATION_SCHEMA.SCHEMATA  WHERE `SCHEMA_NAME` < 'testredb' ) t
2020-01-05T09:57:42.155001Z	   10 Query	SELECT `SCHEMA_NAME` FROM `INFORMATION_SCHEMA`.`SCHEMATA`, (SELECT DB_first_level FROM ( SELECT DISTINCT SUBSTRING_INDEX(SCHEMA_NAME, '_', 1) DB_first_level FROM INFORMATION_SCHEMA.SCHEMATA WHERE TRUE ) t ORDER BY DB_first_level ASC LIMIT 0, 100) t2 WHERE TRUE AND 1 = LOCATE(CONCAT(DB_first_level, '_'), CONCAT(SCHEMA_NAME, '_')) ORDER BY SCHEMA_NAME ASC
2020-01-05T09:57:42.167981Z	   10 Query	SELECT COUNT(*) FROM ( SELECT DISTINCT SUBSTRING_INDEX(SCHEMA_NAME, '_', 1) DB_first_level FROM INFORMATION_SCHEMA.SCHEMATA WHERE TRUE ) t
2020-01-05T09:57:42.168634Z	   10 Query	SELECT COUNT(*) FROM ( SELECT DISTINCT SUBSTRING_INDEX(SCHEMA_NAME, '_', 1) DB_first_level FROM INFORMATION_SCHEMA.SCHEMATA WHERE TRUE ) t
2020-01-05T09:57:42.174915Z	   10 Query	SELECT TABLE_NAME
            FROM information_schema.VIEWS
            WHERE TABLE_SCHEMA = 'testredb'
                AND TABLE_NAME = 'book'
2020-01-05T09:57:42.195798Z	   10 Query	SELECT TABLE_NAME
            FROM information_schema.VIEWS
            WHERE TABLE_SCHEMA = 'testredb'
                AND TABLE_NAME = 'book'
2020-01-05T09:57:42.196394Z	   10 Query	SELECT @@lower_case_table_names
2020-01-05T09:57:42.196574Z	   10 Query	SELECT *,
                `TABLE_SCHEMA`       AS `Db`,
                `TABLE_NAME`         AS `Name`,
                `TABLE_TYPE`         AS `TABLE_TYPE`,
                `ENGINE`             AS `Engine`,
                `ENGINE`             AS `Type`,
                `VERSION`            AS `Version`,
                `ROW_FORMAT`         AS `Row_format`,
                `TABLE_ROWS`         AS `Rows`,
                `AVG_ROW_LENGTH`     AS `Avg_row_length`,
                `DATA_LENGTH`        AS `Data_length`,
                `MAX_DATA_LENGTH`    AS `Max_data_length`,
                `INDEX_LENGTH`       AS `Index_length`,
                `DATA_FREE`          AS `Data_free`,
                `AUTO_INCREMENT`     AS `Auto_increment`,
                `CREATE_TIME`        AS `Create_time`,
                `UPDATE_TIME`        AS `Update_time`,
                `CHECK_TIME`         AS `Check_time`,
                `TABLE_COLLATION`    AS `Collation`,
                `CHECKSUM`           AS `Checksum`,
                `CREATE_OPTIONS`     AS `Create_options`,
                `TABLE_COMMENT`      AS `Comment`
            FROM `information_schema`.`TABLES` t
            WHERE `TABLE_SCHEMA` 
                IN ('testredb')
                AND t.`TABLE_NAME`  = 'book' ORDER BY Name ASC
2020-01-05T09:57:42.196996Z	   10 Query	SHOW TABLE STATUS FROM `testredb` WHERE `Name` LIKE 'book%'
2020-01-05T09:57:42.197233Z	   10 Query	SELECT TABLE_NAME
            FROM information_schema.VIEWS
            WHERE TABLE_SCHEMA = 'testredb'
                AND TABLE_NAME = 'book'
2020-01-05T09:57:42.197581Z	   10 Query	SELECT 1 FROM (SELECT `GRANTEE`, `IS_GRANTABLE` FROM `INFORMATION_SCHEMA`.`COLUMN_PRIVILEGES` UNION SELECT `GRANTEE`, `IS_GRANTABLE` FROM `INFORMATION_SCHEMA`.`TABLE_PRIVILEGES` UNION SELECT `GRANTEE`, `IS_GRANTABLE` FROM `INFORMATION_SCHEMA`.`SCHEMA_PRIVILEGES` UNION SELECT `GRANTEE`, `IS_GRANTABLE` FROM `INFORMATION_SCHEMA`.`USER_PRIVILEGES`) t WHERE `IS_GRANTABLE` = 'YES' AND '''root''@''%''' LIKE `GRANTEE` LIMIT 1
2020-01-05T09:57:42.198572Z	   10 Query	SELECT `PRIVILEGE_TYPE` FROM `INFORMATION_SCHEMA`.`USER_PRIVILEGES` WHERE GRANTEE='''root''@''%''' AND PRIVILEGE_TYPE='TRIGGER'
2020-01-05T09:57:42.209370Z	   10 Query	SHOW  COLUMNS FROM `testredb`.`book`
2020-01-05T09:57:42.212188Z	   11 Quit	
2020-01-05T09:57:42.212302Z	   10 Quit	
2020-01-05T09:57:42.483715Z	   12 Connect	root@localhost on  using TCP/IP
2020-01-05T09:57:42.483862Z	   12 Query	SELECT @@version, @@version_comment
2020-01-05T09:57:42.485076Z	   12 Query	SET NAMES 'utf8mb4' COLLATE 'utf8mb4_general_ci'
2020-01-05T09:57:42.485283Z	   12 Query	SET lc_messages = 'ru_RU'
2020-01-05T09:57:42.487701Z	   13 Connect	root@localhost on  using TCP/IP
2020-01-05T09:57:42.493576Z	   12 Query	SELECT `SCHEMA_NAME` FROM `INFORMATION_SCHEMA`.`SCHEMATA`
2020-01-05T09:57:42.507519Z	   12 Query	SET collation_connection = 'utf8mb4_unicode_ci'
2020-01-05T09:57:42.507750Z	   12 Query	SHOW MASTER LOGS
2020-01-05T09:57:42.599912Z	   13 Quit	
2020-01-05T09:57:42.599963Z	   12 Quit	
2020-01-05T09:57:42.654075Z	   14 Connect	root@localhost on  using TCP/IP
2020-01-05T09:57:42.654216Z	   14 Query	SELECT @@version, @@version_comment
2020-01-05T09:57:42.655328Z	   14 Query	SET NAMES 'utf8mb4' COLLATE 'utf8mb4_general_ci'
2020-01-05T09:57:42.655418Z	   14 Query	SET lc_messages = 'ru_RU'
2020-01-05T09:57:42.657522Z	   15 Connect	root@localhost on  using TCP/IP
2020-01-05T09:57:42.663246Z	   14 Query	SELECT `SCHEMA_NAME` FROM `INFORMATION_SCHEMA`.`SCHEMATA`
2020-01-05T09:57:42.670974Z	   14 Query	SET collation_connection = 'utf8mb4_unicode_ci'
2020-01-05T09:57:42.674436Z	   14 Query	SELECT `SCHEMA_NAME` FROM `INFORMATION_SCHEMA`.`SCHEMATA`, (SELECT DB_first_level FROM ( SELECT DISTINCT SUBSTRING_INDEX(SCHEMA_NAME, '_', 1) DB_first_level FROM INFORMATION_SCHEMA.SCHEMATA WHERE TRUE ) t ORDER BY DB_first_level ASC LIMIT 0, 100) t2 WHERE TRUE AND 1 = LOCATE(CONCAT(DB_first_level, '_'), CONCAT(SCHEMA_NAME, '_')) ORDER BY SCHEMA_NAME ASC
2020-01-05T09:57:42.676747Z	   14 Query	SELECT COUNT(*) FROM ( SELECT DISTINCT SUBSTRING_INDEX(SCHEMA_NAME, '_', 1) DB_first_level FROM INFORMATION_SCHEMA.SCHEMATA WHERE TRUE ) t
2020-01-05T09:57:42.677324Z	   14 Query	SELECT COUNT(*) FROM ( SELECT DISTINCT SUBSTRING_INDEX(SCHEMA_NAME, '_', 1) DB_first_level FROM INFORMATION_SCHEMA.SCHEMATA WHERE TRUE ) t
2020-01-05T09:57:42.691967Z	   15 Quit	
2020-01-05T09:57:42.692057Z	   14 Quit	
2020-01-05T09:57:42.722101Z	   16 Connect	root@localhost on  using TCP/IP
2020-01-05T09:57:42.722301Z	   16 Query	SELECT @@version, @@version_comment
2020-01-05T09:57:42.723469Z	   16 Query	SET NAMES 'utf8mb4' COLLATE 'utf8mb4_general_ci'
2020-01-05T09:57:42.723603Z	   16 Query	SET lc_messages = 'ru_RU'
2020-01-05T09:57:42.737060Z	   17 Connect	root@localhost on  using TCP/IP
2020-01-05T09:57:42.742630Z	   16 Query	SELECT `SCHEMA_NAME` FROM `INFORMATION_SCHEMA`.`SCHEMATA`
2020-01-05T09:57:42.752646Z	   16 Query	SET collation_connection = 'utf8mb4_unicode_ci'
2020-01-05T09:57:42.771478Z	   17 Quit	
2020-01-05T09:57:42.771604Z	   16 Quit	
2020-01-05T09:57:42.847276Z	   18 Connect	root@localhost on  using TCP/IP
2020-01-05T09:57:42.847590Z	   18 Query	SELECT @@version, @@version_comment
2020-01-05T09:57:42.849554Z	   18 Query	SET NAMES 'utf8mb4' COLLATE 'utf8mb4_general_ci'
2020-01-05T09:57:42.849745Z	   18 Query	SET lc_messages = 'ru_RU'
2020-01-05T09:57:42.853042Z	   19 Connect	root@localhost on  using TCP/IP
2020-01-05T09:57:42.860818Z	   18 Query	SELECT `SCHEMA_NAME` FROM `INFORMATION_SCHEMA`.`SCHEMATA`
2020-01-05T09:57:42.874891Z	   18 Query	SET collation_connection = 'utf8mb4_unicode_ci'
2020-01-05T09:57:42.890297Z	   19 Quit	
2020-01-05T09:57:42.890372Z	   18 Quit	
2020-01-05T09:57:42.922535Z	   20 Connect	root@localhost on  using TCP/IP
2020-01-05T09:57:42.922718Z	   20 Query	SELECT @@version, @@version_comment
2020-01-05T09:57:42.923906Z	   20 Query	SET NAMES 'utf8mb4' COLLATE 'utf8mb4_general_ci'
2020-01-05T09:57:42.924018Z	   20 Query	SET lc_messages = 'ru_RU'
2020-01-05T09:57:42.936432Z	   21 Connect	root@localhost on  using TCP/IP
2020-01-05T09:57:42.941590Z	   20 Query	SELECT `SCHEMA_NAME` FROM `INFORMATION_SCHEMA`.`SCHEMATA`
2020-01-05T09:57:42.953051Z	   20 Query	SET collation_connection = 'utf8mb4_unicode_ci'
2020-01-05T09:57:42.967768Z	   21 Quit	
2020-01-05T09:57:42.967929Z	   20 Quit	
2020-01-05T09:57:51.495295Z	   22 Connect	root@localhost on  using TCP/IP
2020-01-05T09:57:51.495424Z	   22 Query	SELECT @@version, @@version_comment
2020-01-05T09:57:51.497565Z	   22 Query	SET NAMES 'utf8mb4' COLLATE 'utf8mb4_general_ci'
2020-01-05T09:57:51.497707Z	   22 Query	SET lc_messages = 'ru_RU'
2020-01-05T09:57:51.499995Z	   23 Connect	root@localhost on  using TCP/IP
2020-01-05T09:57:51.504040Z	   23 Query	SHOW TABLES FROM `testredb`
2020-01-05T09:57:51.505862Z	   22 Query	SELECT `SCHEMA_NAME` FROM `INFORMATION_SCHEMA`.`SCHEMATA`
2020-01-05T09:57:51.514446Z	   22 Query	SET collation_connection = 'utf8mb4_unicode_ci'
2020-01-05T09:57:51.556488Z	   22 Query	SHOW SESSION VARIABLES LIKE 'FOREIGN_KEY_CHECKS'
2020-01-05T09:57:51.565969Z	   22 Query	SELECT DATABASE()
2020-01-05T09:57:51.567688Z	   23 Quit	
2020-01-05T09:57:51.567779Z	   22 Quit	
2020-01-05T09:57:56.145249Z	   24 Connect	root@localhost on  using TCP/IP
2020-01-05T09:57:56.145497Z	   24 Query	SELECT @@version, @@version_comment
2020-01-05T09:57:56.147138Z	   24 Query	SET NAMES 'utf8mb4' COLLATE 'utf8mb4_general_ci'
2020-01-05T09:57:56.147288Z	   24 Query	SET lc_messages = 'ru_RU'
2020-01-05T09:57:56.149653Z	   25 Connect	root@localhost on  using TCP/IP
2020-01-05T09:57:56.154688Z	   24 Query	SELECT `SCHEMA_NAME` FROM `INFORMATION_SCHEMA`.`SCHEMATA`
2020-01-05T09:57:56.162638Z	   24 Query	SET collation_connection = 'utf8mb4_unicode_ci'
2020-01-05T09:57:56.165984Z	   24 Query	SELECT `SCHEMA_NAME` FROM `INFORMATION_SCHEMA`.`SCHEMATA`, (SELECT DB_first_level FROM ( SELECT DISTINCT SUBSTRING_INDEX(SCHEMA_NAME, '_', 1) DB_first_level FROM INFORMATION_SCHEMA.SCHEMATA WHERE TRUE ) t ORDER BY DB_first_level ASC LIMIT 0, 100) t2 WHERE TRUE AND 1 = LOCATE(CONCAT(DB_first_level, '_'), CONCAT(SCHEMA_NAME, '_')) ORDER BY SCHEMA_NAME ASC
2020-01-05T09:57:56.167902Z	   24 Query	SELECT COUNT(*) FROM `INFORMATION_SCHEMA`.`TABLES` WHERE `TABLE_SCHEMA`='sys' AND `TABLE_TYPE`='BASE TABLE'
2020-01-05T09:57:56.336596Z	   24 Query	SELECT COUNT(*) FROM `INFORMATION_SCHEMA`.`TABLES` WHERE `TABLE_SCHEMA`='sys' AND `TABLE_TYPE`!='BASE TABLE'
2020-01-05T09:57:56.354991Z	   24 Query	SELECT @@lower_case_table_names
2020-01-05T09:57:56.355571Z	   24 Query	SELECT COUNT(*) FROM `INFORMATION_SCHEMA`.`ROUTINES` WHERE `ROUTINE_SCHEMA` ='sys' AND `ROUTINE_TYPE`='FUNCTION'
2020-01-05T09:57:56.436638Z	   24 Query	SELECT COUNT(*) FROM `INFORMATION_SCHEMA`.`ROUTINES` WHERE `ROUTINE_SCHEMA` ='sys'AND `ROUTINE_TYPE`='PROCEDURE'
2020-01-05T09:57:56.447669Z	   24 Query	SELECT COUNT(*) FROM `INFORMATION_SCHEMA`.`EVENTS` WHERE `EVENT_SCHEMA` ='sys'
2020-01-05T09:57:56.450659Z	   24 Query	SELECT COUNT(*) FROM `INFORMATION_SCHEMA`.`TABLES` WHERE `TABLE_SCHEMA`='sys' AND `TABLE_TYPE`!='BASE TABLE'
2020-01-05T09:57:56.465242Z	   24 Query	SELECT COUNT(*) FROM `INFORMATION_SCHEMA`.`TABLES` WHERE `TABLE_SCHEMA`='sys' AND `TABLE_TYPE`!='BASE TABLE'
2020-01-05T09:57:56.478810Z	   24 Query	SELECT COUNT(*) FROM `INFORMATION_SCHEMA`.`ROUTINES` WHERE `ROUTINE_SCHEMA` ='sys'AND `ROUTINE_TYPE`='PROCEDURE'
2020-01-05T09:57:56.487611Z	   24 Query	SELECT COUNT(*) FROM `INFORMATION_SCHEMA`.`ROUTINES` WHERE `ROUTINE_SCHEMA` ='sys'AND `ROUTINE_TYPE`='PROCEDURE'
2020-01-05T09:57:56.496652Z	   24 Query	SELECT COUNT(*) FROM `INFORMATION_SCHEMA`.`TABLES` WHERE `TABLE_SCHEMA`='sys' AND `TABLE_TYPE`='BASE TABLE'
2020-01-05T09:57:56.510808Z	   24 Query	SELECT COUNT(*) FROM `INFORMATION_SCHEMA`.`TABLES` WHERE `TABLE_SCHEMA`='sys' AND `TABLE_TYPE`='BASE TABLE'
2020-01-05T09:57:56.526024Z	   24 Query	SELECT COUNT(*) FROM `INFORMATION_SCHEMA`.`ROUTINES` WHERE `ROUTINE_SCHEMA` ='sys' AND `ROUTINE_TYPE`='FUNCTION'
2020-01-05T09:57:56.536258Z	   24 Query	SELECT COUNT(*) FROM `INFORMATION_SCHEMA`.`ROUTINES` WHERE `ROUTINE_SCHEMA` ='sys' AND `ROUTINE_TYPE`='FUNCTION'
2020-01-05T09:57:56.597590Z	   25 Quit	
2020-01-05T09:57:56.598107Z	   24 Quit	
